# JRE version: OpenJDK Runtime Environment (8.0_202) (build 1.8.0_202-release-1483-b49-5587405)
# Java VM: OpenJDK 64-Bit Server VM (25.202-b49-5587405 mixed mode linux-amd64 compressed oops)
Heap:
 PSYoungGen      total 423936K, used 37755K [0x00000000e0000000, 0x0000000100000000, 0x0000000100000000)
  eden space 326656K, 0% used [0x00000000e0000000,0x00000000e0000000,0x00000000f3f00000)
  from space 97280K, 38% used [0x00000000f3f00000,0x00000000f63deda0,0x00000000f9e00000)
  to   space 100352K, 0% used [0x00000000f9e00000,0x00000000f9e00000,0x0000000100000000)
 ParOldGen       total 193024K, used 192546K [0x00000000a0000000, 0x00000000abc80000, 0x00000000e0000000)
  object space 193024K, 99% used [0x00000000a0000000,0x00000000abc08ad8,0x00000000abc80000)
 Metaspace       used 102317K, capacity 105753K, committed 106072K, reserved 1142784K
  class space    used 12645K, capacity 13400K, committed 13440K, reserved 1048576K
GC Heap History (10 events):
Event: 285.767 GC heap after
Heap after GC invocations=24 (full 6):
 PSYoungGen      total 380928K, used 0K [0x00000000e0000000, 0x0000000100000000, 0x0000000100000000)
  eden space 309248K, 0% used [0x00000000e0000000,0x00000000e0000000,0x00000000f2e00000)
  from space 71680K, 0% used [0x00000000f2e00000,0x00000000f2e00000,0x00000000f7400000)
  to   space 98816K, 0% used [0x00000000f9f80000,0x00000000f9f80000,0x0000000100000000)
 ParOldGen       total 193024K, used 73281K [0x00000000a0000000, 0x00000000abc80000, 0x00000000e0000000)
  object space 193024K, 37% used [0x00000000a0000000,0x00000000a4790448,0x00000000abc80000)
 Metaspace       used 88330K, capacity 91329K, committed 91608K, reserved 1128448K
  class space    used 11253K, capacity 11944K, committed 12032K, reserved 1048576K
}
Event: 358.758 GC heap before
{Heap before GC invocations=25 (full 6):
 PSYoungGen      total 380928K, used 309248K [0x00000000e0000000, 0x0000000100000000, 0x0000000100000000)
  eden space 309248K, 100% used [0x00000000e0000000,0x00000000f2e00000,0x00000000f2e00000)
  from space 71680K, 0% used [0x00000000f2e00000,0x00000000f2e00000,0x00000000f7400000)
  to   space 98816K, 0% used [0x00000000f9f80000,0x00000000f9f80000,0x0000000100000000)
 ParOldGen       total 193024K, used 73281K [0x00000000a0000000, 0x00000000abc80000, 0x00000000e0000000)
  object space 193024K, 37% used [0x00000000a0000000,0x00000000a4790448,0x00000000abc80000)
 Metaspace       used 90310K, capacity 93443K, committed 93528K, reserved 1130496K
  class space    used 11425K, capacity 12143K, committed 12160K, reserved 1048576K
Event: 358.833 GC heap after
Heap after GC invocations=25 (full 6):
 PSYoungGen      total 429568K, used 38624K [0x00000000e0000000, 0x0000000100000000, 0x0000000100000000)
  eden space 330752K, 0% used [0x00000000e0000000,0x00000000e0000000,0x00000000f4300000)
  from space 98816K, 39% used [0x00000000f9f80000,0x00000000fc538278,0x0000000100000000)
  to   space 94720K, 0% used [0x00000000f4300000,0x00000000f4300000,0x00000000f9f80000)
 ParOldGen       total 193024K, used 73289K [0x00000000a0000000, 0x00000000abc80000, 0x00000000e0000000)
  object space 193024K, 37% used [0x00000000a0000000,0x00000000a4792448,0x00000000abc80000)
 Metaspace       used 90310K, capacity 93443K, committed 93528K, reserved 1130496K
  class space    used 11425K, capacity 12143K, committed 12160K, reserved 1048576K
}
Event: 360.735 GC heap before
{Heap before GC invocations=26 (full 6):
 PSYoungGen      total 429568K, used 368568K [0x00000000e0000000, 0x0000000100000000, 0x0000000100000000)
  eden space 330752K, 99% used [0x00000000e0000000,0x00000000f4235dc0,0x00000000f4300000)
  from space 98816K, 39% used [0x00000000f9f80000,0x00000000fc538278,0x0000000100000000)
  to   space 94720K, 0% used [0x00000000f4300000,0x00000000f4300000,0x00000000f9f80000)
 ParOldGen       total 193024K, used 73289K [0x00000000a0000000, 0x00000000abc80000, 0x00000000e0000000)
  object space 193024K, 37% used [0x00000000a0000000,0x00000000a4792448,0x00000000abc80000)
 Metaspace       used 95470K, capacity 98655K, committed 99032K, reserved 1136640K
  class space    used 11977K, capacity 12683K, committed 12800K, reserved 1048576K
Event: 360.782 GC heap after
Heap after GC invocations=26 (full 6):
 PSYoungGen      total 396288K, used 65038K [0x00000000e0000000, 0x0000000100000000, 0x0000000100000000)
  eden space 330752K, 0% used [0x00000000e0000000,0x00000000e0000000,0x00000000f4300000)
  from space 65536K, 99% used [0x00000000f4300000,0x00000000f8283830,0x00000000f8300000)
  to   space 100352K, 0% used [0x00000000f9e00000,0x00000000f9e00000,0x0000000100000000)
 ParOldGen       total 193024K, used 73297K [0x00000000a0000000, 0x00000000abc80000, 0x00000000e0000000)
  object space 193024K, 37% used [0x00000000a0000000,0x00000000a4794448,0x00000000abc80000)
 Metaspace       used 95470K, capacity 98655K, committed 99032K, reserved 1136640K
  class space    used 11977K, capacity 12683K, committed 12800K, reserved 1048576K
}
Event: 365.533 GC heap before
{Heap before GC invocations=27 (full 6):
 PSYoungGen      total 396288K, used 395790K [0x00000000e0000000, 0x0000000100000000, 0x0000000100000000)
  eden space 330752K, 100% used [0x00000000e0000000,0x00000000f4300000,0x00000000f4300000)
  from space 65536K, 99% used [0x00000000f4300000,0x00000000f8283830,0x00000000f8300000)
  to   space 100352K, 0% used [0x00000000f9e00000,0x00000000f9e00000,0x0000000100000000)
 ParOldGen       total 193024K, used 73297K [0x00000000a0000000, 0x00000000abc80000, 0x00000000e0000000)
  object space 193024K, 37% used [0x00000000a0000000,0x00000000a4794448,0x00000000abc80000)
 Metaspace       used 97277K, capacity 100689K, committed 100952K, reserved 1136640K
  class space    used 12146K, capacity 12868K, committed 12928K, reserved 1048576K
Event: 365.616 GC heap after
Heap after GC invocations=27 (full 6):
 PSYoungGen      total 427008K, used 45023K [0x00000000e0000000, 0x0000000100000000, 0x0000000100000000)
  eden space 326656K, 0% used [0x00000000e0000000,0x00000000e0000000,0x00000000f3f00000)
  from space 100352K, 44% used [0x00000000f9e00000,0x00000000fc9f7da8,0x0000000100000000)
  to   space 97280K, 0% used [0x00000000f3f00000,0x00000000f3f00000,0x00000000f9e00000)
 ParOldGen       total 193024K, used 73305K [0x00000000a0000000, 0x00000000abc80000, 0x00000000e0000000)
  object space 193024K, 37% used [0x00000000a0000000,0x00000000a4796448,0x00000000abc80000)
 Metaspace       used 97277K, capacity 100689K, committed 100952K, reserved 1136640K
  class space    used 12146K, capacity 12868K, committed 12928K, reserved 1048576K
}
Event: 367.425 GC heap before
{Heap before GC invocations=28 (full 6):
 PSYoungGen      total 427008K, used 371679K [0x00000000e0000000, 0x0000000100000000, 0x0000000100000000)
  eden space 326656K, 100% used [0x00000000e0000000,0x00000000f3f00000,0x00000000f3f00000)
  from space 100352K, 44% used [0x00000000f9e00000,0x00000000fc9f7da8,0x0000000100000000)
  to   space 97280K, 0% used [0x00000000f3f00000,0x00000000f3f00000,0x00000000f9e00000)
 ParOldGen       total 193024K, used 73305K [0x00000000a0000000, 0x00000000abc80000, 0x00000000e0000000)
  object space 193024K, 37% used [0x00000000a0000000,0x00000000a4796448,0x00000000abc80000)
 Metaspace       used 102320K, capacity 105765K, committed 106072K, reserved 1142784K
  class space    used 12646K, capacity 13402K, committed 13440K, reserved 1048576K
Event: 367.534 GC heap after
Heap after GC invocations=28 (full 6):
 PSYoungGen      total 423936K, used 97269K [0x00000000e0000000, 0x0000000100000000, 0x0000000100000000)
  eden space 326656K, 0% used [0x00000000e0000000,0x00000000e0000000,0x00000000f3f00000)
  from space 97280K, 99% used [0x00000000f3f00000,0x00000000f9dfd688,0x00000000f9e00000)
  to   space 100352K, 0% used [0x00000000f9e00000,0x00000000f9e00000,0x0000000100000000)
 ParOldGen       total 193024K, used 159673K [0x00000000a0000000, 0x00000000abc80000, 0x00000000e0000000)
  object space 193024K, 82% used [0x00000000a0000000,0x00000000a9bee5c8,0x00000000abc80000)
 Metaspace       used 102320K, capacity 105765K, committed 106072K, reserved 1142784K
  class space    used 12646K, capacity 13402K, committed 13440K, reserved 1048576K
}
Event: 367.534 GC heap before
{Heap before GC invocations=29 (full 7):
 PSYoungGen      total 423936K, used 97269K [0x00000000e0000000, 0x0000000100000000, 0x0000000100000000)
  eden space 326656K, 0% used [0x00000000e0000000,0x00000000e0000000,0x00000000f3f00000)
  from space 97280K, 99% used [0x00000000f3f00000,0x00000000f9dfd688,0x00000000f9e00000)
  to   space 100352K, 0% used [0x00000000f9e00000,0x00000000f9e00000,0x0000000100000000)
 ParOldGen       total 193024K, used 159673K [0x00000000a0000000, 0x00000000abc80000, 0x00000000e0000000)
  object space 193024K, 82% used [0x00000000a0000000,0x00000000a9bee5c8,0x00000000abc80000)
 Metaspace       used 102320K, capacity 105765K, committed 106072K, reserved 1142784K
  class space    used 12646K, capacity 13402K, committed 13440K, reserved 1048576K

