# JRE version: OpenJDK Runtime Environment (8.0_202) (build 1.8.0_202-release-1483-b49-5587405)
# Java VM: OpenJDK 64-Bit Server VM (25.202-b49-5587405 mixed mode linux-amd64 compressed oops)
Heap:
 PSYoungGen      total 331776K, used 0K [0x00000000e0000000, 0x0000000100000000, 0x0000000100000000)
  eden space 275456K, 0% used [0x00000000e0000000,0x00000000e0000000,0x00000000f0d00000)
  from space 56320K, 0% used [0x00000000f7980000,0x00000000f7980000,0x00000000fb080000)
  to   space 111104K, 0% used [0x00000000f0d00000,0x00000000f0d00000,0x00000000f7980000)
 ParOldGen       total 247808K, used 244947K [0x00000000a0000000, 0x00000000af200000, 0x00000000e0000000)
  object space 247808K, 98% used [0x00000000a0000000,0x00000000aef34f18,0x00000000af200000)
 Metaspace       used 99490K, capacity 102576K, committed 102808K, reserved 1138688K
  class space    used 12502K, capacity 13201K, committed 13208K, reserved 1048576K
GC Heap History (10 events):
Event: 145.609 GC heap after
Heap after GC invocations=21 (full 4):
 PSYoungGen      total 276480K, used 12091K [0x00000000e0000000, 0x00000000f5b80000, 0x0000000100000000)
  eden space 239104K, 0% used [0x00000000e0000000,0x00000000e0000000,0x00000000ee980000)
  from space 37376K, 32% used [0x00000000ee980000,0x00000000ef54eea0,0x00000000f0e00000)
  to   space 35840K, 0% used [0x00000000f3880000,0x00000000f3880000,0x00000000f5b80000)
 ParOldGen       total 163840K, used 92354K [0x00000000a0000000, 0x00000000aa000000, 0x00000000e0000000)
  object space 163840K, 56% used [0x00000000a0000000,0x00000000a5a30a70,0x00000000aa000000)
 Metaspace       used 83196K, capacity 86016K, committed 86296K, reserved 1124352K
  class space    used 10671K, capacity 11233K, committed 11288K, reserved 1048576K
}
Event: 150.735 GC heap before
{Heap before GC invocations=22 (full 4):
 PSYoungGen      total 276480K, used 251137K [0x00000000e0000000, 0x00000000f5b80000, 0x0000000100000000)
  eden space 239104K, 99% used [0x00000000e0000000,0x00000000ee971610,0x00000000ee980000)
  from space 37376K, 32% used [0x00000000ee980000,0x00000000ef54eea0,0x00000000f0e00000)
  to   space 35840K, 0% used [0x00000000f3880000,0x00000000f3880000,0x00000000f5b80000)
 ParOldGen       total 163840K, used 92354K [0x00000000a0000000, 0x00000000aa000000, 0x00000000e0000000)
  object space 163840K, 56% used [0x00000000a0000000,0x00000000a5a30a70,0x00000000aa000000)
 Metaspace       used 85816K, capacity 88722K, committed 88984K, reserved 1126400K
  class space    used 10983K, capacity 11592K, committed 11672K, reserved 1048576K
Event: 150.765 GC heap after
Heap after GC invocations=22 (full 4):
 PSYoungGen      total 308736K, used 18935K [0x00000000e0000000, 0x00000000f5580000, 0x0000000100000000)
  eden space 279040K, 0% used [0x00000000e0000000,0x00000000e0000000,0x00000000f1080000)
  from space 29696K, 63% used [0x00000000f3880000,0x00000000f4afdd28,0x00000000f5580000)
  to   space 35328K, 0% used [0x00000000f1080000,0x00000000f1080000,0x00000000f3300000)
 ParOldGen       total 163840K, used 92362K [0x00000000a0000000, 0x00000000aa000000, 0x00000000e0000000)
  object space 163840K, 56% used [0x00000000a0000000,0x00000000a5a32a70,0x00000000aa000000)
 Metaspace       used 85816K, capacity 88722K, committed 88984K, reserved 1126400K
  class space    used 10983K, capacity 11592K, committed 11672K, reserved 1048576K
}
Event: 158.434 GC heap before
{Heap before GC invocations=23 (full 4):
 PSYoungGen      total 308736K, used 297975K [0x00000000e0000000, 0x00000000f5580000, 0x0000000100000000)
  eden space 279040K, 100% used [0x00000000e0000000,0x00000000f1080000,0x00000000f1080000)
  from space 29696K, 63% used [0x00000000f3880000,0x00000000f4afdd28,0x00000000f5580000)
  to   space 35328K, 0% used [0x00000000f1080000,0x00000000f1080000,0x00000000f3300000)
 ParOldGen       total 163840K, used 92362K [0x00000000a0000000, 0x00000000aa000000, 0x00000000e0000000)
  object space 163840K, 56% used [0x00000000a0000000,0x00000000a5a32a70,0x00000000aa000000)
 Metaspace       used 94821K, capacity 97858K, committed 98200K, reserved 1134592K
  class space    used 12010K, capacity 12640K, committed 12696K, reserved 1048576K
Event: 158.680 GC heap after
Heap after GC invocations=23 (full 4):
 PSYoungGen      total 314368K, used 35297K [0x00000000e0000000, 0x00000000fb080000, 0x0000000100000000)
  eden space 279040K, 0% used [0x00000000e0000000,0x00000000e0000000,0x00000000f1080000)
  from space 35328K, 99% used [0x00000000f1080000,0x00000000f32f87c0,0x00000000f3300000)
  to   space 56320K, 0% used [0x00000000f7980000,0x00000000f7980000,0x00000000fb080000)
 ParOldGen       total 163840K, used 134571K [0x00000000a0000000, 0x00000000aa000000, 0x00000000e0000000)
  object space 163840K, 82% used [0x00000000a0000000,0x00000000a836ae20,0x00000000aa000000)
 Metaspace       used 94821K, capacity 97858K, committed 98200K, reserved 1134592K
  class space    used 12010K, capacity 12640K, committed 12696K, reserved 1048576K
}
Event: 158.688 GC heap before
{Heap before GC invocations=24 (full 5):
 PSYoungGen      total 314368K, used 35297K [0x00000000e0000000, 0x00000000fb080000, 0x0000000100000000)
  eden space 279040K, 0% used [0x00000000e0000000,0x00000000e0000000,0x00000000f1080000)
  from space 35328K, 99% used [0x00000000f1080000,0x00000000f32f87c0,0x00000000f3300000)
  to   space 56320K, 0% used [0x00000000f7980000,0x00000000f7980000,0x00000000fb080000)
 ParOldGen       total 163840K, used 134571K [0x00000000a0000000, 0x00000000aa000000, 0x00000000e0000000)
  object space 163840K, 82% used [0x00000000a0000000,0x00000000a836ae20,0x00000000aa000000)
 Metaspace       used 94821K, capacity 97858K, committed 98200K, reserved 1134592K
  class space    used 12010K, capacity 12640K, committed 12696K, reserved 1048576K
Event: 159.161 GC heap after
Heap after GC invocations=24 (full 5):
 PSYoungGen      total 314368K, used 0K [0x00000000e0000000, 0x00000000fb080000, 0x0000000100000000)
  eden space 279040K, 0% used [0x00000000e0000000,0x00000000e0000000,0x00000000f1080000)
  from space 35328K, 0% used [0x00000000f1080000,0x00000000f1080000,0x00000000f3300000)
  to   space 56320K, 0% used [0x00000000f7980000,0x00000000f7980000,0x00000000fb080000)
 ParOldGen       total 225280K, used 123751K [0x00000000a0000000, 0x00000000adc00000, 0x00000000e0000000)
  object space 225280K, 54% used [0x00000000a0000000,0x00000000a78d9e88,0x00000000adc00000)
 Metaspace       used 94821K, capacity 97858K, committed 98200K, reserved 1134592K
  class space    used 12010K, capacity 12640K, committed 12696K, reserved 1048576K
}
Event: 161.051 GC heap before
{Heap before GC invocations=25 (full 5):
 PSYoungGen      total 314368K, used 279040K [0x00000000e0000000, 0x00000000fb080000, 0x0000000100000000)
  eden space 279040K, 100% used [0x00000000e0000000,0x00000000f1080000,0x00000000f1080000)
  from space 35328K, 0% used [0x00000000f1080000,0x00000000f1080000,0x00000000f3300000)
  to   space 56320K, 0% used [0x00000000f7980000,0x00000000f7980000,0x00000000fb080000)
 ParOldGen       total 225280K, used 123751K [0x00000000a0000000, 0x00000000adc00000, 0x00000000e0000000)
  object space 225280K, 54% used [0x00000000a0000000,0x00000000a78d9e88,0x00000000adc00000)
 Metaspace       used 99490K, capacity 102576K, committed 102808K, reserved 1138688K
  class space    used 12502K, capacity 13201K, committed 13208K, reserved 1048576K
Event: 161.566 GC heap after
Heap after GC invocations=25 (full 5):
 PSYoungGen      total 331776K, used 56288K [0x00000000e0000000, 0x0000000100000000, 0x0000000100000000)
  eden space 275456K, 0% used [0x00000000e0000000,0x00000000e0000000,0x00000000f0d00000)
  from space 56320K, 99% used [0x00000000f7980000,0x00000000fb078270,0x00000000fb080000)
  to   space 111104K, 0% used [0x00000000f0d00000,0x00000000f0d00000,0x00000000f7980000)
 ParOldGen       total 247808K, used 245912K [0x00000000a0000000, 0x00000000af200000, 0x00000000e0000000)
  object space 247808K, 99% used [0x00000000a0000000,0x00000000af026270,0x00000000af200000)
 Metaspace       used 99490K, capacity 102576K, committed 102808K, reserved 1138688K
  class space    used 12502K, capacity 13201K, committed 13208K, reserved 1048576K
}
Event: 161.574 GC heap before
{Heap before GC invocations=26 (full 6):
 PSYoungGen      total 331776K, used 56288K [0x00000000e0000000, 0x0000000100000000, 0x0000000100000000)
  eden space 275456K, 0% used [0x00000000e0000000,0x00000000e0000000,0x00000000f0d00000)
  from space 56320K, 99% used [0x00000000f7980000,0x00000000fb078270,0x00000000fb080000)
  to   space 111104K, 0% used [0x00000000f0d00000,0x00000000f0d00000,0x00000000f7980000)
 ParOldGen       total 247808K, used 245912K [0x00000000a0000000, 0x00000000af200000, 0x00000000e0000000)
  object space 247808K, 99% used [0x00000000a0000000,0x00000000af026270,0x00000000af200000)
 Metaspace       used 99490K, capacity 102576K, committed 102808K, reserved 1138688K
  class space    used 12502K, capacity 13201K, committed 13208K, reserved 1048576K

