# JRE version: OpenJDK Runtime Environment (8.0_152) (build 1.8.0_152-release-1343-b16-5323222)
# Java VM: OpenJDK 64-Bit Server VM (25.152-b16-5323222 mixed mode linux-amd64 compressed oops)
Heap:
 PSYoungGen      total 475136K, used 0K [0x00000000e0000000, 0x0000000100000000, 0x0000000100000000)
  eden space 425984K, 0% used [0x00000000e0000000,0x00000000e0000000,0x00000000fa000000)
  from space 49152K, 0% used [0x00000000fd000000,0x00000000fd000000,0x0000000100000000)
  to   space 49152K, 6% used [0x00000000fa000000,0x00000000fa2f99f0,0x00000000fd000000)
 ParOldGen       total 210432K, used 210147K [0x00000000a0000000, 0x00000000acd80000, 0x00000000e0000000)
  object space 210432K, 99% used [0x00000000a0000000,0x00000000acd38e50,0x00000000acd80000)
 Metaspace       used 91082K, capacity 93466K, committed 93992K, reserved 1130496K
  class space    used 11441K, capacity 11946K, committed 12072K, reserved 1048576K
GC Heap History (10 events):
Event: 110.210 GC heap after
Heap after GC invocations=20 (full 3):
 PSYoungGen      total 332800K, used 21979K [0x00000000e0000000, 0x00000000fba00000, 0x0000000100000000)
  eden space 303616K, 0% used [0x00000000e0000000,0x00000000e0000000,0x00000000f2880000)
  from space 29184K, 75% used [0x00000000f2880000,0x00000000f3df6e90,0x00000000f4500000)
  to   space 30720K, 0% used [0x00000000f9c00000,0x00000000f9c00000,0x00000000fba00000)
 ParOldGen       total 145408K, used 44817K [0x00000000a0000000, 0x00000000a8e00000, 0x00000000e0000000)
  object space 145408K, 30% used [0x00000000a0000000,0x00000000a2bc4480,0x00000000a8e00000)
 Metaspace       used 68783K, capacity 70986K, committed 71208K, reserved 1112064K
  class space    used 8940K, capacity 9398K, committed 9512K, reserved 1048576K
}
Event: 117.065 GC heap before
{Heap before GC invocations=21 (full 3):
 PSYoungGen      total 332800K, used 325595K [0x00000000e0000000, 0x00000000fba00000, 0x0000000100000000)
  eden space 303616K, 100% used [0x00000000e0000000,0x00000000f2880000,0x00000000f2880000)
  from space 29184K, 75% used [0x00000000f2880000,0x00000000f3df6e90,0x00000000f4500000)
  to   space 30720K, 0% used [0x00000000f9c00000,0x00000000f9c00000,0x00000000fba00000)
 ParOldGen       total 145408K, used 44817K [0x00000000a0000000, 0x00000000a8e00000, 0x00000000e0000000)
  object space 145408K, 30% used [0x00000000a0000000,0x00000000a2bc4480,0x00000000a8e00000)
 Metaspace       used 71126K, capacity 73312K, committed 73512K, reserved 1114112K
  class space    used 9218K, capacity 9671K, committed 9768K, reserved 1048576K
Event: 117.215 GC heap after
Heap after GC invocations=21 (full 3):
 PSYoungGen      total 410624K, used 30717K [0x00000000e0000000, 0x00000000fcc00000, 0x0000000100000000)
  eden space 379904K, 0% used [0x00000000e0000000,0x00000000e0000000,0x00000000f7300000)
  from space 30720K, 99% used [0x00000000f9c00000,0x00000000fb9ff4c8,0x00000000fba00000)
  to   space 41984K, 0% used [0x00000000f7300000,0x00000000f7300000,0x00000000f9c00000)
 ParOldGen       total 145408K, used 63066K [0x00000000a0000000, 0x00000000a8e00000, 0x00000000e0000000)
  object space 145408K, 43% used [0x00000000a0000000,0x00000000a3d969f0,0x00000000a8e00000)
 Metaspace       used 71126K, capacity 73312K, committed 73512K, reserved 1114112K
  class space    used 9218K, capacity 9671K, committed 9768K, reserved 1048576K
}
Event: 124.908 GC heap before
{Heap before GC invocations=22 (full 3):
 PSYoungGen      total 410624K, used 410621K [0x00000000e0000000, 0x00000000fcc00000, 0x0000000100000000)
  eden space 379904K, 100% used [0x00000000e0000000,0x00000000f7300000,0x00000000f7300000)
  from space 30720K, 99% used [0x00000000f9c00000,0x00000000fb9ff4c8,0x00000000fba00000)
  to   space 41984K, 0% used [0x00000000f7300000,0x00000000f7300000,0x00000000f9c00000)
 ParOldGen       total 145408K, used 63066K [0x00000000a0000000, 0x00000000a8e00000, 0x00000000e0000000)
  object space 145408K, 43% used [0x00000000a0000000,0x00000000a3d969f0,0x00000000a8e00000)
 Metaspace       used 77243K, capacity 79606K, committed 79912K, reserved 1118208K
  class space    used 9920K, capacity 10438K, committed 10536K, reserved 1048576K
Event: 125.025 GC heap after
Heap after GC invocations=22 (full 3):
 PSYoungGen      total 421888K, used 41963K [0x00000000e0000000, 0x0000000100000000, 0x0000000100000000)
  eden space 379904K, 0% used [0x00000000e0000000,0x00000000e0000000,0x00000000f7300000)
  from space 41984K, 99% used [0x00000000f7300000,0x00000000f9bfae58,0x00000000f9c00000)
  to   space 49152K, 0% used [0x00000000fd000000,0x00000000fd000000,0x0000000100000000)
 ParOldGen       total 145408K, used 63869K [0x00000000a0000000, 0x00000000a8e00000, 0x00000000e0000000)
  object space 145408K, 43% used [0x00000000a0000000,0x00000000a3e5f570,0x00000000a8e00000)
 Metaspace       used 77243K, capacity 79606K, committed 79912K, reserved 1118208K
  class space    used 9920K, capacity 10438K, committed 10536K, reserved 1048576K
}
Event: 135.690 GC heap before
{Heap before GC invocations=23 (full 3):
 PSYoungGen      total 421888K, used 421867K [0x00000000e0000000, 0x0000000100000000, 0x0000000100000000)
  eden space 379904K, 100% used [0x00000000e0000000,0x00000000f7300000,0x00000000f7300000)
  from space 41984K, 99% used [0x00000000f7300000,0x00000000f9bfae58,0x00000000f9c00000)
  to   space 49152K, 0% used [0x00000000fd000000,0x00000000fd000000,0x0000000100000000)
 ParOldGen       total 145408K, used 63869K [0x00000000a0000000, 0x00000000a8e00000, 0x00000000e0000000)
  object space 145408K, 43% used [0x00000000a0000000,0x00000000a3e5f570,0x00000000a8e00000)
 Metaspace       used 78377K, capacity 80806K, committed 80936K, reserved 1120256K
  class space    used 10035K, capacity 10522K, committed 10536K, reserved 1048576K
Event: 135.832 GC heap after
Heap after GC invocations=23 (full 3):
 PSYoungGen      total 475136K, used 27873K [0x00000000e0000000, 0x0000000100000000, 0x0000000100000000)
  eden space 425984K, 0% used [0x00000000e0000000,0x00000000e0000000,0x00000000fa000000)
  from space 49152K, 56% used [0x00000000fd000000,0x00000000feb38518,0x0000000100000000)
  to   space 49152K, 0% used [0x00000000fa000000,0x00000000fa000000,0x00000000fd000000)
 ParOldGen       total 145408K, used 74782K [0x00000000a0000000, 0x00000000a8e00000, 0x00000000e0000000)
  object space 145408K, 51% used [0x00000000a0000000,0x00000000a4907a18,0x00000000a8e00000)
 Metaspace       used 78377K, capacity 80806K, committed 80936K, reserved 1120256K
  class space    used 10035K, capacity 10522K, committed 10536K, reserved 1048576K
}
Event: 145.275 GC heap before
{Heap before GC invocations=24 (full 3):
 PSYoungGen      total 475136K, used 453857K [0x00000000e0000000, 0x0000000100000000, 0x0000000100000000)
  eden space 425984K, 100% used [0x00000000e0000000,0x00000000fa000000,0x00000000fa000000)
  from space 49152K, 56% used [0x00000000fd000000,0x00000000feb38518,0x0000000100000000)
  to   space 49152K, 0% used [0x00000000fa000000,0x00000000fa000000,0x00000000fd000000)
 ParOldGen       total 145408K, used 74782K [0x00000000a0000000, 0x00000000a8e00000, 0x00000000e0000000)
  object space 145408K, 51% used [0x00000000a0000000,0x00000000a4907a18,0x00000000a8e00000)
 Metaspace       used 91159K, capacity 93678K, committed 93992K, reserved 1130496K
  class space    used 11464K, capacity 11988K, committed 12072K, reserved 1048576K
Event: 157.200 GC heap after
Heap after GC invocations=24 (full 3):
 PSYoungGen      total 475136K, used 453857K [0x00000000e0000000, 0x0000000100000000, 0x0000000100000000)
  eden space 425984K, 100% used [0x00000000e0000000,0x00000000fa000000,0x00000000fa000000)
  from space 49152K, 56% used [0x00000000fd000000,0x00000000feb38518,0x0000000100000000)
  to   space 49152K, 99% used [0x00000000fa000000,0x00000000fcffae28,0x00000000fd000000)
 ParOldGen       total 210432K, used 209988K [0x00000000a0000000, 0x00000000acd80000, 0x00000000e0000000)
  object space 210432K, 99% used [0x00000000a0000000,0x00000000acd11098,0x00000000acd80000)
 Metaspace       used 91159K, capacity 93678K, committed 93992K, reserved 1130496K
  class space    used 11464K, capacity 11988K, committed 12072K, reserved 1048576K
}
Event: 157.215 GC heap before
{Heap before GC invocations=25 (full 4):
 PSYoungGen      total 475136K, used 453857K [0x00000000e0000000, 0x0000000100000000, 0x0000000100000000)
  eden space 425984K, 100% used [0x00000000e0000000,0x00000000fa000000,0x00000000fa000000)
  from space 49152K, 56% used [0x00000000fd000000,0x00000000feb38518,0x0000000100000000)
  to   space 49152K, 99% used [0x00000000fa000000,0x00000000fcffae28,0x00000000fd000000)
 ParOldGen       total 210432K, used 209988K [0x00000000a0000000, 0x00000000acd80000, 0x00000000e0000000)
  object space 210432K, 99% used [0x00000000a0000000,0x00000000acd11098,0x00000000acd80000)
 Metaspace       used 91159K, capacity 93678K, committed 93992K, reserved 1130496K
  class space    used 11464K, capacity 11988K, committed 12072K, reserved 1048576K

