# JRE version: OpenJDK Runtime Environment (8.0_202) (build 1.8.0_202-release-1483-b49-5587405)
# Java VM: OpenJDK 64-Bit Server VM (25.202-b49-5587405 mixed mode linux-amd64 compressed oops)
Heap:
 PSYoungGen      total 371712K, used 0K [0x00000000e0000000, 0x0000000100000000, 0x0000000100000000)
  eden space 256000K, 0% used [0x00000000e0000000,0x00000000e0000000,0x00000000efa00000)
  from space 115712K, 0% used [0x00000000f7e00000,0x00000000f7e00000,0x00000000fef00000)
  to   space 134144K, 0% used [0x00000000efa00000,0x00000000efa00000,0x00000000f7d00000)
 ParOldGen       total 325632K, used 203489K [0x00000000a0000000, 0x00000000b3e00000, 0x00000000e0000000)
  object space 325632K, 62% used [0x00000000a0000000,0x00000000ac6b8670,0x00000000b3e00000)
 Metaspace       used 140428K, capacity 147562K, committed 147800K, reserved 1179648K
  class space    used 16640K, capacity 17962K, committed 18048K, reserved 1048576K
GC Heap History (10 events):
Event: 4650.817 GC heap after
Heap after GC invocations=99 (full 12):
 PSYoungGen      total 375296K, used 8448K [0x00000000e0000000, 0x00000000ff700000, 0x0000000100000000)
  eden space 246784K, 0% used [0x00000000e0000000,0x00000000e0000000,0x00000000ef100000)
  from space 128512K, 6% used [0x00000000f7980000,0x00000000f81c0020,0x00000000ff700000)
  to   space 134144K, 0% used [0x00000000ef100000,0x00000000ef100000,0x00000000f7400000)
 ParOldGen       total 325632K, used 239038K [0x00000000a0000000, 0x00000000b3e00000, 0x00000000e0000000)
  object space 325632K, 73% used [0x00000000a0000000,0x00000000ae96f8c0,0x00000000b3e00000)
 Metaspace       used 134979K, capacity 142000K, committed 142296K, reserved 1173504K
  class space    used 16123K, capacity 17401K, committed 17408K, reserved 1048576K
}
Event: 4651.654 GC heap before
{Heap before GC invocations=100 (full 12):
 PSYoungGen      total 375296K, used 255232K [0x00000000e0000000, 0x00000000ff700000, 0x0000000100000000)
  eden space 246784K, 100% used [0x00000000e0000000,0x00000000ef100000,0x00000000ef100000)
  from space 128512K, 6% used [0x00000000f7980000,0x00000000f81c0020,0x00000000ff700000)
  to   space 134144K, 0% used [0x00000000ef100000,0x00000000ef100000,0x00000000f7400000)
 ParOldGen       total 325632K, used 239038K [0x00000000a0000000, 0x00000000b3e00000, 0x00000000e0000000)
  object space 325632K, 73% used [0x00000000a0000000,0x00000000ae96f8c0,0x00000000b3e00000)
 Metaspace       used 135115K, capacity 142108K, committed 142424K, reserved 1173504K
  class space    used 16133K, capacity 17419K, committed 17536K, reserved 1048576K
Event: 4651.712 GC heap after
Heap after GC invocations=100 (full 12):
 PSYoungGen      total 380928K, used 44496K [0x00000000e0000000, 0x00000000ff680000, 0x0000000100000000)
  eden space 246784K, 0% used [0x00000000e0000000,0x00000000e0000000,0x00000000ef100000)
  from space 134144K, 33% used [0x00000000ef100000,0x00000000f1c74090,0x00000000f7400000)
  to   space 126464K, 0% used [0x00000000f7b00000,0x00000000f7b00000,0x00000000ff680000)
 ParOldGen       total 325632K, used 247144K [0x00000000a0000000, 0x00000000b3e00000, 0x00000000e0000000)
  object space 325632K, 75% used [0x00000000a0000000,0x00000000af15a218,0x00000000b3e00000)
 Metaspace       used 135115K, capacity 142108K, committed 142424K, reserved 1173504K
  class space    used 16133K, capacity 17419K, committed 17536K, reserved 1048576K
}
Event: 4652.466 GC heap before
{Heap before GC invocations=101 (full 12):
 PSYoungGen      total 380928K, used 291280K [0x00000000e0000000, 0x00000000ff680000, 0x0000000100000000)
  eden space 246784K, 100% used [0x00000000e0000000,0x00000000ef100000,0x00000000ef100000)
  from space 134144K, 33% used [0x00000000ef100000,0x00000000f1c74090,0x00000000f7400000)
  to   space 126464K, 0% used [0x00000000f7b00000,0x00000000f7b00000,0x00000000ff680000)
 ParOldGen       total 325632K, used 247144K [0x00000000a0000000, 0x00000000b3e00000, 0x00000000e0000000)
  object space 325632K, 75% used [0x00000000a0000000,0x00000000af15a218,0x00000000b3e00000)
 Metaspace       used 135286K, capacity 142322K, committed 142680K, reserved 1175552K
  class space    used 16135K, capacity 17422K, committed 17536K, reserved 1048576K
Event: 4652.474 GC heap after
Heap after GC invocations=101 (full 12):
 PSYoungGen      total 388096K, used 3473K [0x00000000e0000000, 0x00000000ff480000, 0x0000000100000000)
  eden space 263680K, 0% used [0x00000000e0000000,0x00000000e0000000,0x00000000f0180000)
  from space 124416K, 2% used [0x00000000f7b00000,0x00000000f7e64508,0x00000000ff480000)
  to   space 124416K, 0% used [0x00000000f0180000,0x00000000f0180000,0x00000000f7b00000)
 ParOldGen       total 325632K, used 249377K [0x00000000a0000000, 0x00000000b3e00000, 0x00000000e0000000)
  object space 325632K, 76% used [0x00000000a0000000,0x00000000af3886d0,0x00000000b3e00000)
 Metaspace       used 135286K, capacity 142322K, committed 142680K, reserved 1175552K
  class space    used 16135K, capacity 17422K, committed 17536K, reserved 1048576K
}
Event: 4657.753 GC heap before
{Heap before GC invocations=102 (full 12):
 PSYoungGen      total 388096K, used 267153K [0x00000000e0000000, 0x00000000ff480000, 0x0000000100000000)
  eden space 263680K, 100% used [0x00000000e0000000,0x00000000f0180000,0x00000000f0180000)
  from space 124416K, 2% used [0x00000000f7b00000,0x00000000f7e64508,0x00000000ff480000)
  to   space 124416K, 0% used [0x00000000f0180000,0x00000000f0180000,0x00000000f7b00000)
 ParOldGen       total 325632K, used 249377K [0x00000000a0000000, 0x00000000b3e00000, 0x00000000e0000000)
  object space 325632K, 76% used [0x00000000a0000000,0x00000000af3886d0,0x00000000b3e00000)
 Metaspace       used 135399K, capacity 142486K, committed 142680K, reserved 1175552K
  class space    used 16140K, capacity 17428K, committed 17536K, reserved 1048576K
Event: 4657.823 GC heap after
Heap after GC invocations=102 (full 12):
 PSYoungGen      total 388096K, used 35167K [0x00000000e0000000, 0x00000000fef00000, 0x0000000100000000)
  eden space 263680K, 0% used [0x00000000e0000000,0x00000000e0000000,0x00000000f0180000)
  from space 124416K, 28% used [0x00000000f0180000,0x00000000f23d7cc0,0x00000000f7b00000)
  to   space 115712K, 0% used [0x00000000f7e00000,0x00000000f7e00000,0x00000000fef00000)
 ParOldGen       total 325632K, used 249938K [0x00000000a0000000, 0x00000000b3e00000, 0x00000000e0000000)
  object space 325632K, 76% used [0x00000000a0000000,0x00000000af414910,0x00000000b3e00000)
 Metaspace       used 135399K, capacity 142486K, committed 142680K, reserved 1175552K
  class space    used 16140K, capacity 17428K, committed 17536K, reserved 1048576K
}
Event: 4659.957 GC heap before
{Heap before GC invocations=103 (full 12):
 PSYoungGen      total 388096K, used 298847K [0x00000000e0000000, 0x00000000fef00000, 0x0000000100000000)
  eden space 263680K, 100% used [0x00000000e0000000,0x00000000f0180000,0x00000000f0180000)
  from space 124416K, 28% used [0x00000000f0180000,0x00000000f23d7cc0,0x00000000f7b00000)
  to   space 115712K, 0% used [0x00000000f7e00000,0x00000000f7e00000,0x00000000fef00000)
 ParOldGen       total 325632K, used 249938K [0x00000000a0000000, 0x00000000b3e00000, 0x00000000e0000000)
  object space 325632K, 76% used [0x00000000a0000000,0x00000000af414910,0x00000000b3e00000)
 Metaspace       used 140428K, capacity 147562K, committed 147800K, reserved 1179648K
  class space    used 16640K, capacity 17962K, committed 18048K, reserved 1048576K
Event: 4660.202 GC heap after
Heap after GC invocations=103 (full 12):
 PSYoungGen      total 371712K, used 107894K [0x00000000e0000000, 0x0000000100000000, 0x0000000100000000)
  eden space 256000K, 0% used [0x00000000e0000000,0x00000000e0000000,0x00000000efa00000)
  from space 115712K, 93% used [0x00000000f7e00000,0x00000000fe75db60,0x00000000fef00000)
  to   space 134144K, 0% used [0x00000000efa00000,0x00000000efa00000,0x00000000f7d00000)
 ParOldGen       total 325632K, used 275964K [0x00000000a0000000, 0x00000000b3e00000, 0x00000000e0000000)
  object space 325632K, 84% used [0x00000000a0000000,0x00000000b0d7f128,0x00000000b3e00000)
 Metaspace       used 140428K, capacity 147562K, committed 147800K, reserved 1179648K
  class space    used 16640K, capacity 17962K, committed 18048K, reserved 1048576K
}
Event: 4660.202 GC heap before
{Heap before GC invocations=104 (full 13):
 PSYoungGen      total 371712K, used 107894K [0x00000000e0000000, 0x0000000100000000, 0x0000000100000000)
  eden space 256000K, 0% used [0x00000000e0000000,0x00000000e0000000,0x00000000efa00000)
  from space 115712K, 93% used [0x00000000f7e00000,0x00000000fe75db60,0x00000000fef00000)
  to   space 134144K, 0% used [0x00000000efa00000,0x00000000efa00000,0x00000000f7d00000)
 ParOldGen       total 325632K, used 275964K [0x00000000a0000000, 0x00000000b3e00000, 0x00000000e0000000)
  object space 325632K, 84% used [0x00000000a0000000,0x00000000b0d7f128,0x00000000b3e00000)
 Metaspace       used 140428K, capacity 147562K, committed 147800K, reserved 1179648K
  class space    used 16640K, capacity 17962K, committed 18048K, reserved 1048576K

